<?xml version="1.0" encoding="UTF-8"?>
<testng-results skipped="0" failed="0" ignored="0" total="1" passed="1">
  <reporter-output>
  </reporter-output>
  <suite name="Main Test Suite" duration-ms="30183" started-at="2019-10-16T09:36:13Z" finished-at="2019-10-16T09:36:43Z">
    <groups>
    </groups>
    <test name="Extent Report Test" duration-ms="30183" started-at="2019-10-16T09:36:13Z" finished-at="2019-10-16T09:36:43Z">
      <class name="com.herokuapp.qa.tests.BreadcrumbsPageTest">
        <test-method status="PASS" signature="setup()[pri:0, instance:com.herokuapp.qa.tests.BreadcrumbsPageTest@30b7c004]" name="setup" is-config="true" duration-ms="26718" started-at="2019-10-16T09:36:13Z" finished-at="2019-10-16T09:36:40Z">
          <reporter-output>
          </reporter-output>
        </test-method> <!-- setup -->
        <test-method status="PASS" signature="ClickBreadcumlink()[pri:10, instance:com.herokuapp.qa.tests.BreadcrumbsPageTest@30b7c004]" name="ClickBreadcumlink" duration-ms="3184" started-at="2019-10-16T09:36:40Z" description="Verify the breadcrum" finished-at="2019-10-16T09:36:43Z">
          <reporter-output>
          </reporter-output>
        </test-method> <!-- ClickBreadcumlink -->
        <test-method status="PASS" signature="getResult(org.testng.ITestResult)[pri:0, instance:com.herokuapp.qa.tests.BreadcrumbsPageTest@30b7c004]" name="getResult" is-config="true" duration-ms="2" started-at="2019-10-16T09:36:43Z" finished-at="2019-10-16T09:36:43Z">
          <params>
            <param index="0">
              <value>
                <![CDATA[[TestResult name=ClickBreadcumlink status=SUCCESS method=BreadcrumbsPageTest.ClickBreadcumlink()[pri:10, instance:com.herokuapp.qa.tests.BreadcrumbsPageTest@30b7c004] output={null}]]]>
              </value>
            </param>
          </params>
          <reporter-output>
          </reporter-output>
        </test-method> <!-- getResult -->
        <test-method status="PASS" signature="teardown()[pri:0, instance:com.herokuapp.qa.tests.BreadcrumbsPageTest@30b7c004]" name="teardown" is-config="true" duration-ms="65" started-at="2019-10-16T09:36:43Z" finished-at="2019-10-16T09:36:43Z">
          <reporter-output>
          </reporter-output>
        </test-method> <!-- teardown -->
      </class> <!-- com.herokuapp.qa.tests.BreadcrumbsPageTest -->
    </test> <!-- Extent Report Test -->
  </suite> <!-- Main Test Suite -->
</testng-results>
